<?xml version="1.0" encoding="UTF-8"?>
<testsuite name="GuavaApiBook.GuavaApiBookTest" tests="5" skipped="0" failures="0" errors="0" timestamp="2018-10-18T17:01:17" hostname="CO-IT01610" time="0.03">
  <properties/>
  <testcase name="testFluentIterableTransformFunctionInyected" classname="GuavaApiBook.GuavaApiBookTest" time="0.025"/>
  <testcase name="testPredicatehardCoded" classname="GuavaApiBook.GuavaApiBookTest" time="0.003"/>
  <testcase name="testInmutableList" classname="GuavaApiBook.GuavaApiBookTest" time="0.001"/>
  <testcase name="testFluentIterableTransformFunctionHardCoded" classname="GuavaApiBook.GuavaApiBookTest" time="0.0"/>
  <testcase name="testPredicateInyected" classname="GuavaApiBook.GuavaApiBookTest" time="0.0"/>
  <system-out><![CDATA[]]></system-out>
  <system-err><![CDATA[]]></system-err>
</testsuite>
