<?xml version="1.0" encoding="UTF-8"?>
<testsuite name="GuavaCache.GuavaCacheTest" tests="3" skipped="0" failures="0" errors="0" timestamp="2018-10-18T17:01:17" hostname="CO-IT01610" time="0.184">
  <properties/>
  <testcase name="testVer1" classname="GuavaCache.GuavaCacheTest" time="0.179"/>
  <testcase name="testVer2" classname="GuavaCache.GuavaCacheTest" time="0.002"/>
  <testcase name="testVer3" classname="GuavaCache.GuavaCacheTest" time="0.001"/>
  <system-out><![CDATA[]]></system-out>
  <system-err><![CDATA[]]></system-err>
</testsuite>
