<?xml version="1.0" encoding="UTF-8"?>
<testsuite name="classLoaderTest.ClassLoaderTest" tests="1" skipped="0" failures="0" errors="0" timestamp="2018-06-05T19:03:30" hostname="CO-IT01610" time="0.001">
  <properties/>
  <testcase name="TestInstanceExist" classname="classLoaderTest.ClassLoaderTest" time="0.001"/>
  <system-out><![CDATA[]]></system-out>
  <system-err><![CDATA[]]></system-err>
</testsuite>
