<?xml version="1.0" encoding="UTF-8"?>
<testsuite name="guavaTest.GuavaTdd" tests="12" skipped="0" failures="0" errors="0" timestamp="2018-07-04T22:32:07" hostname="CO-IT01610" time="0.063">
  <properties/>
  <testcase name="testFilterWithPreconditions" classname="guavaTest.GuavaTdd" time="0.008"/>
  <testcase name="filterlist" classname="guavaTest.GuavaTdd" time="0.017"/>
  <testcase name="testAddCarToHashmap" classname="guavaTest.GuavaTdd" time="0.018"/>
  <testcase name="testConvertToCamioneta" classname="guavaTest.GuavaTdd" time="0.002"/>
  <testcase name="joinStrings" classname="guavaTest.GuavaTdd" time="0.0"/>
  <testcase name="listIsNull" classname="guavaTest.GuavaTdd" time="0.001"/>
  <testcase name="testInitCollectiions" classname="guavaTest.GuavaTdd" time="0.005"/>
  <testcase name="testAllCarsHasColors" classname="guavaTest.GuavaTdd" time="0.002"/>
  <testcase name="testComposeFunctionsToKnowIFAnyhasRedColor" classname="guavaTest.GuavaTdd" time="0.007"/>
  <testcase name="testCustomPredicate" classname="guavaTest.GuavaTdd" time="0.001"/>
  <testcase name="testListNotNull" classname="guavaTest.GuavaTdd" time="0.0"/>
  <testcase name="testPrecoditionsOk" classname="guavaTest.GuavaTdd" time="0.0"/>
  <system-out><![CDATA[test rebase 
test rebase 
test rebase 
test rebase 
test rebase 
test rebase 
test rebase 
test rebase 
test rebase 
test rebase 
test rebase 
test rebase 
test rebase 
test rebase 
test rebase 
test rebase 
test rebase 
test rebase 
test rebase 
test rebase 
test rebase 
test rebase 
test rebase 
test rebase 
test rebase 
test rebase 
test rebase 
test rebase 
test rebase 
test rebase 
test rebase 
test rebase 
test rebase 
test rebase 
test rebase 
test rebase 
test rebase 
test rebase 
test rebase 
test rebase 
test rebase 
test rebase 
test rebase 
test rebase 
test rebase 
test rebase 
test rebase 
test rebase 
test rebase 
test rebase 
test rebase 
test rebase 
test rebase 
test rebase 
test rebase 
test rebase 
test rebase 
test rebase 
test rebase 
test rebase 
test rebase 
test rebase 
test rebase 
test rebase 
test rebase 
test rebase 
test rebase 
test rebase 
test rebase 
test rebase 
test rebase 
test rebase 
test rebase 
test rebase 
test rebase 
test rebase 
test rebase 
test rebase 
test rebase 
test rebase 
test rebase 
test rebase 
test rebase 
test rebase 
test rebase 
test rebase 
test rebase 
test rebase 
test rebase 
test rebase 
test rebase 
test rebase 
test rebase 
test rebase 
test rebase 
test rebase 
test rebase 
test rebase 
test rebase 
test rebase 
]]></system-out>
  <system-err><![CDATA[]]></system-err>
</testsuite>
