<?xml version="1.0" encoding="UTF-8"?>
<testsuite name="javax.TestCarStore" tests="1" skipped="0" failures="0" errors="0" timestamp="2018-07-04T22:32:08" hostname="CO-IT01610" time="0.0">
  <properties/>
  <testcase name="testValid" classname="javax.TestCarStore" time="0.0"/>
  <system-out><![CDATA[]]></system-out>
  <system-err><![CDATA[]]></system-err>
</testsuite>
