<?xml version="1.0" encoding="UTF-8"?>
<testsuite name="guavaOptional.GuavaOptionalTest" tests="5" skipped="0" failures="0" errors="0" timestamp="2018-07-04T22:32:08" hostname="CO-IT01610" time="0.005">
  <properties/>
  <testcase name="testMayBeNullButIsValid" classname="guavaOptional.GuavaOptionalTest" time="0.002"/>
  <testcase name="testIsAbsent" classname="guavaOptional.GuavaOptionalTest" time="0.001"/>
  <testcase name="testMayBeNull" classname="guavaOptional.GuavaOptionalTest" time="0.001"/>
  <testcase name="testCarExist" classname="guavaOptional.GuavaOptionalTest" time="0.0"/>
  <testcase name="testCarNotExist" classname="guavaOptional.GuavaOptionalTest" time="0.001"/>
  <system-out><![CDATA[]]></system-out>
  <system-err><![CDATA[]]></system-err>
</testsuite>
