<?xml version="1.0" encoding="UTF-8"?>
<testsuite name="javax.TestCarStore" tests="1" skipped="0" failures="0" errors="0" timestamp="2018-10-18T17:01:17" hostname="CO-IT01610" time="0.002">
  <properties/>
  <testcase name="testValid" classname="javax.TestCarStore" time="0.002"/>
  <system-out><![CDATA[]]></system-out>
  <system-err><![CDATA[]]></system-err>
</testsuite>
